  Solution.cpp
c:\users\earl9_000\documents\github\leetcode\leetcode\leetcode\349.h(59): warning C4018: '<': signed/unsigned mismatch
c:\users\earl9_000\documents\github\leetcode\leetcode\leetcode\349.h(68): warning C4018: '<': signed/unsigned mismatch
c:\users\earl9_000\documents\github\leetcode\leetcode\leetcode\349.h(86): warning C4018: '>=': signed/unsigned mismatch
c:\users\earl9_000\documents\github\leetcode\leetcode\leetcode\169.h(26): warning C4018: '<': signed/unsigned mismatch
c:\users\earl9_000\documents\github\leetcode\leetcode\leetcode\solution.cpp(34): warning C4018: '<': signed/unsigned mismatch
c:\users\earl9_000\documents\github\leetcode\leetcode\leetcode\solution.cpp(36): warning C4018: '<': signed/unsigned mismatch
c:\users\earl9_000\documents\github\leetcode\leetcode\leetcode\solution.cpp(158): warning C4018: '<': signed/unsigned mismatch
c:\users\earl9_000\documents\github\leetcode\leetcode\leetcode\solution.cpp(160): warning C4018: '<': signed/unsigned mismatch
c:\users\earl9_000\documents\github\leetcode\leetcode\leetcode\solution.cpp(163): warning C4018: '<': signed/unsigned mismatch
c:\users\earl9_000\documents\github\leetcode\leetcode\leetcode\solution.cpp(213): warning C4018: '<': signed/unsigned mismatch
c:\users\earl9_000\documents\github\leetcode\leetcode\leetcode\solution.cpp(215): warning C4018: '<': signed/unsigned mismatch
c:\users\earl9_000\documents\github\leetcode\leetcode\leetcode\solution.cpp(220): warning C4018: '<': signed/unsigned mismatch
c:\users\earl9_000\documents\github\leetcode\leetcode\leetcode\solution.cpp(259): warning C4018: '<': signed/unsigned mismatch
c:\users\earl9_000\documents\github\leetcode\leetcode\leetcode\solution.cpp(279): warning C4018: '<': signed/unsigned mismatch
c:\users\earl9_000\documents\github\leetcode\leetcode\leetcode\solution.cpp(287): warning C4018: '<=': signed/unsigned mismatch
c:\users\earl9_000\documents\github\leetcode\leetcode\leetcode\solution.cpp(335): warning C4018: '<': signed/unsigned mismatch
c:\users\earl9_000\documents\github\leetcode\leetcode\leetcode\solution.cpp(337): warning C4018: '<': signed/unsigned mismatch
c:\users\earl9_000\documents\github\leetcode\leetcode\leetcode\solution.cpp(355): warning C4018: '<': signed/unsigned mismatch
c:\users\earl9_000\documents\github\leetcode\leetcode\leetcode\solution.cpp(479): warning C4018: '<': signed/unsigned mismatch
c:\users\earl9_000\documents\github\leetcode\leetcode\leetcode\solution.cpp(500): warning C4018: '<': signed/unsigned mismatch
c:\users\earl9_000\documents\github\leetcode\leetcode\leetcode\solution.cpp(511): warning C4018: '<': signed/unsigned mismatch
c:\users\earl9_000\documents\github\leetcode\leetcode\leetcode\solution.cpp(646): warning C4018: '>': signed/unsigned mismatch
c:\users\earl9_000\documents\github\leetcode\leetcode\leetcode\solution.cpp(991): warning C4018: '<': signed/unsigned mismatch
c:\users\earl9_000\documents\github\leetcode\leetcode\leetcode\solution.cpp(1005): warning C4018: '<': signed/unsigned mismatch
c:\users\earl9_000\documents\github\leetcode\leetcode\leetcode\solution.cpp(1013): warning C4018: '<': signed/unsigned mismatch
c:\users\earl9_000\documents\github\leetcode\leetcode\leetcode\solution.cpp(1037): warning C4018: '<': signed/unsigned mismatch
c:\users\earl9_000\documents\github\leetcode\leetcode\leetcode\solution.cpp(1051): warning C4018: '<': signed/unsigned mismatch
c:\users\earl9_000\documents\github\leetcode\leetcode\leetcode\solution.cpp(1059): warning C4018: '<': signed/unsigned mismatch
c:\users\earl9_000\documents\github\leetcode\leetcode\leetcode\solution.cpp(1083): warning C4018: '<': signed/unsigned mismatch
c:\users\earl9_000\documents\github\leetcode\leetcode\leetcode\solution.cpp(1091): warning C4018: '<': signed/unsigned mismatch
c:\users\earl9_000\documents\github\leetcode\leetcode\leetcode\solution.cpp(1115): warning C4018: '<': signed/unsigned mismatch
c:\users\earl9_000\documents\github\leetcode\leetcode\leetcode\solution.cpp(1309): warning C4018: '<': signed/unsigned mismatch
c:\users\earl9_000\documents\github\leetcode\leetcode\leetcode\solution.cpp(1316): warning C4018: '<': signed/unsigned mismatch
c:\users\earl9_000\documents\github\leetcode\leetcode\leetcode\solution.cpp(1384): warning C4018: '<': signed/unsigned mismatch
c:\users\earl9_000\documents\github\leetcode\leetcode\leetcode\solution.cpp(1424): warning C4018: '<': signed/unsigned mismatch
c:\users\earl9_000\documents\github\leetcode\leetcode\leetcode\solution.cpp(1435): warning C4018: '<': signed/unsigned mismatch
c:\users\earl9_000\documents\github\leetcode\leetcode\leetcode\solution.cpp(1475): warning C4018: '<': signed/unsigned mismatch
c:\users\earl9_000\documents\github\leetcode\leetcode\leetcode\solution.cpp(1483): warning C4018: '<': signed/unsigned mismatch
c:\users\earl9_000\documents\github\leetcode\leetcode\leetcode\169.h(40): warning C4715: 'majorityElement': not all control paths return a value
  leetcode.vcxproj -> C:\Users\earl9_000\Documents\GitHub\leetcode\leetcode\Debug\leetcode.exe
